<?xml version="1.0" encoding="UTF-8"?>
<!-- Generated by org.testng.reporters.JUnitReportReporter -->
<testsuite hostname="DESKTOP-7K3FSMI" failures="0" tests="4" name="SeleniumTestNG.Sample" time="0.127" errors="0" timestamp="2022-08-27T08:41:03 IST" skipped="0">
  <testcase classname="SeleniumTestNG.Sample" name="BeforeMethod" time="0.003"/>
  <system-out/>
  <testcase classname="SeleniumTestNG.Sample" name="AfterMethod" time="0.119"/>
  <system-out/>
  <testcase classname="SeleniumTestNG.Sample" name="Test2" time="0.003"/>
  <system-out/>
  <testcase classname="SeleniumTestNG.Sample" name="Test1" time="0.002"/>
  <system-out/>
</testsuite> <!-- SeleniumTestNG.Sample -->
