<?xml version="1.0" encoding="UTF-8"?>
<!-- Generated by org.testng.reporters.JUnitReportReporter -->
<testsuite hostname="DESKTOP-7K3FSMI" failures="0" tests="5" name="SeleniumTestNG.TestNGkeyword" time="0.032" errors="0" timestamp="2022-08-27T08:41:27 IST" skipped="0">
  <testcase classname="SeleniumTestNG.TestNGkeyword" name="Test1" time="0.005"/>
  <system-out/>
  <testcase classname="SeleniumTestNG.TestNGkeyword" name="Test2" time="0.003"/>
  <system-out/>
  <testcase classname="SeleniumTestNG.TestNGkeyword" name="ABC" time="0.014"/>
  <system-out/>
  <testcase classname="SeleniumTestNG.TestNGkeyword" name="AfterMethod" time="0.008"/>
  <system-out/>
  <testcase classname="SeleniumTestNG.TestNGkeyword" name="BeforeMethod" time="0.002"/>
  <system-out/>
</testsuite> <!-- SeleniumTestNG.TestNGkeyword -->
